<?xml version="1.0" encoding="UTF-8"?>
<!-- Generated by org.testng.reporters.JUnitReportReporter -->
<testsuite hostname="DESKTOP-D6DO249" failures="0" tests="1" name="parameters.ParametersTestNG" time="2.406" errors="0" timestamp="2022-07-03T17:43:49 EDT" skipped="0">
  <testcase classname="parameters.ParametersTestNG" name="login" time="2.406"/>
  <system-out/>
</testsuite> <!-- parameters.ParametersTestNG -->
